Performing C++ SOURCE FILE Test COMPILER_SUPPORTS_CXX11 failed with the following output:
Change Dir: D:/School/7th_semester/Graphics/Assignments/BasicEngine/cmake-build-debug/CMakeFiles/CMakeTmp

Run Build Command(s):nmake /nologo cmTC_d983e\fast && 	"C:\Program Files (x86)\Microsoft Visual Studio\2017\Professional\VC\Tools\MSVC\14.16.27023\bin\HostX86\x86\nmake.exe"  -f CMakeFiles\cmTC_d983e.dir\build.make /nologo -L                  CMakeFiles\cmTC_d983e.dir\build
Building CXX object CMakeFiles/cmTC_d983e.dir/src.cxx.obj
	C:\PROGRA~2\MICROS~2\2017\PROFES~1\VC\Tools\MSVC\1416~1.270\bin\Hostx86\x86\cl.exe @C:\Users\az123\AppData\Local\Temp\nm62DF.tmp
cl : Command line warning D9002 : ignoring unknown option '-std=c++11'
src.cxx
Linking CXX executable cmTC_d983e.exe
	"C:\Program Files\JetBrains\CLion 2020.2.4\bin\cmake\win\bin\cmake.exe" -E vs_link_exe --intdir=CMakeFiles\cmTC_d983e.dir --rc=C:\PROGRA~2\WI3CF2~1\10\bin\100183~1.0\x86\rc.exe --mt=C:\PROGRA~2\WI3CF2~1\10\bin\100183~1.0\x86\mt.exe --manifests  -- C:\PROGRA~2\MICROS~2\2017\PROFES~1\VC\Tools\MSVC\1416~1.270\bin\Hostx86\x86\link.exe /nologo @CMakeFiles\cmTC_d983e.dir\objects1.rsp @C:\Users\az123\AppData\Local\Temp\nm637D.tmp


Source file was:
int main() { return 0; }
Performing C++ SOURCE FILE Test COMPILER_SUPPORTS_CXX0X failed with the following output:
Change Dir: D:/School/7th_semester/Graphics/Assignments/BasicEngine/cmake-build-debug/CMakeFiles/CMakeTmp

Run Build Command(s):nmake /nologo cmTC_fca76\fast && 	"C:\Program Files (x86)\Microsoft Visual Studio\2017\Professional\VC\Tools\MSVC\14.16.27023\bin\HostX86\x86\nmake.exe"  -f CMakeFiles\cmTC_fca76.dir\build.make /nologo -L                  CMakeFiles\cmTC_fca76.dir\build
Building CXX object CMakeFiles/cmTC_fca76.dir/src.cxx.obj
	C:\PROGRA~2\MICROS~2\2017\PROFES~1\VC\Tools\MSVC\1416~1.270\bin\Hostx86\x86\cl.exe @C:\Users\az123\AppData\Local\Temp\nm68AC.tmp
cl : Command line warning D9002 : ignoring unknown option '-std=c++0x'
src.cxx
Linking CXX executable cmTC_fca76.exe
	"C:\Program Files\JetBrains\CLion 2020.2.4\bin\cmake\win\bin\cmake.exe" -E vs_link_exe --intdir=CMakeFiles\cmTC_fca76.dir --rc=C:\PROGRA~2\WI3CF2~1\10\bin\100183~1.0\x86\rc.exe --mt=C:\PROGRA~2\WI3CF2~1\10\bin\100183~1.0\x86\mt.exe --manifests  -- C:\PROGRA~2\MICROS~2\2017\PROFES~1\VC\Tools\MSVC\1416~1.270\bin\Hostx86\x86\link.exe /nologo @CMakeFiles\cmTC_fca76.dir\objects1.rsp @C:\Users\az123\AppData\Local\Temp\nm691A.tmp


Source file was:
int main() { return 0; }
Determining if the include file pthread.h exists failed with the following output:
Change Dir: D:/School/7th_semester/Graphics/Assignments/BasicEngine/cmake-build-debug/CMakeFiles/CMakeTmp

Run Build Command(s):nmake /nologo cmTC_f5535\fast && 	"C:\Program Files (x86)\Microsoft Visual Studio\2017\Professional\VC\Tools\MSVC\14.16.27023\bin\HostX86\x86\nmake.exe"  -f CMakeFiles\cmTC_f5535.dir\build.make /nologo -L                  CMakeFiles\cmTC_f5535.dir\build
Building C object CMakeFiles/cmTC_f5535.dir/CheckIncludeFile.c.obj
	C:\PROGRA~2\MICROS~2\2017\PROFES~1\VC\Tools\MSVC\1416~1.270\bin\Hostx86\x86\cl.exe @C:\Users\az123\AppData\Local\Temp\nm6D8E.tmp
CheckIncludeFile.c
D:\School\7th_semester\Graphics\Assignments\BasicEngine\cmake-build-debug\CMakeFiles\CMakeTmp\CheckIncludeFile.c(1): fatal error C1083: Cannot open include file: 'pthread.h': No such file or directory
NMAKE : fatal error U1077: 'C:\PROGRA~2\MICROS~2\2017\PROFES~1\VC\Tools\MSVC\1416~1.270\bin\Hostx86\x86\cl.exe' : return code '0x2'
Stop.
NMAKE : fatal error U1077: '"C:\Program Files (x86)\Microsoft Visual Studio\2017\Professional\VC\Tools\MSVC\14.16.27023\bin\HostX86\x86\nmake.exe"' : return code '0x2'
Stop.



